0 info it worked if it ends with ok
1 verbose cli [ '/usr/local/Cellar/node/7.5.0/bin/node',
1 verbose cli   '/usr/local/bin/npm',
1 verbose cli   'run',
1 verbose cli   'webpack' ]
2 info using npm@4.1.2
3 info using node@v7.5.0
4 verbose run-script [ 'prewebpack', 'webpack', 'postwebpack' ]
5 info lifecycle group_project@1.0.0~prewebpack: group_project@1.0.0
6 silly lifecycle group_project@1.0.0~prewebpack: no script for prewebpack, continuing
7 info lifecycle group_project@1.0.0~webpack: group_project@1.0.0
8 verbose lifecycle group_project@1.0.0~webpack: unsafe-perm in lifecycle true
9 verbose lifecycle group_project@1.0.0~webpack: PATH: /usr/local/lib/node_modules/npm/bin/node-gyp-bin:/Users/user/Desktop/cx3-11/Projects/group_project/node_modules/.bin:/Users/user/.rbenv/shims:/usr/local/bin:/usr/bin:/bin:/usr/sbin:/sbin:/Users/user/junit
10 verbose lifecycle group_project@1.0.0~webpack: CWD: /Users/user/Desktop/cx3-11/Projects/group_project
11 silly lifecycle group_project@1.0.0~webpack: Args: [ '-c', 'cd client && webpack -w' ]
12 silly lifecycle group_project@1.0.0~webpack: Returned: code: 255  signal: null
13 info lifecycle group_project@1.0.0~webpack: Failed to exec webpack script
14 verbose stack Error: group_project@1.0.0 webpack: `cd client && webpack -w`
14 verbose stack Exit status 255
14 verbose stack     at EventEmitter.<anonymous> (/usr/local/lib/node_modules/npm/lib/utils/lifecycle.js:279:16)
14 verbose stack     at emitTwo (events.js:106:13)
14 verbose stack     at EventEmitter.emit (events.js:192:7)
14 verbose stack     at ChildProcess.<anonymous> (/usr/local/lib/node_modules/npm/lib/utils/spawn.js:40:14)
14 verbose stack     at emitTwo (events.js:106:13)
14 verbose stack     at ChildProcess.emit (events.js:192:7)
14 verbose stack     at maybeClose (internal/child_process.js:890:16)
14 verbose stack     at Process.ChildProcess._handle.onexit (internal/child_process.js:226:5)
15 verbose pkgid group_project@1.0.0
16 verbose cwd /Users/user/Desktop/cx3-11/Projects/group_project
17 error Darwin 15.6.0
18 error argv "/usr/local/Cellar/node/7.5.0/bin/node" "/usr/local/bin/npm" "run" "webpack"
19 error node v7.5.0
20 error npm  v4.1.2
21 error code ELIFECYCLE
22 error group_project@1.0.0 webpack: `cd client && webpack -w`
22 error Exit status 255
23 error Failed at the group_project@1.0.0 webpack script 'cd client && webpack -w'.
23 error Make sure you have the latest version of node.js and npm installed.
23 error If you do, this is most likely a problem with the group_project package,
23 error not with npm itself.
23 error Tell the author that this fails on your system:
23 error     cd client && webpack -w
23 error You can get information on how to open an issue for this project with:
23 error     npm bugs group_project
23 error Or if that isn't available, you can get their info via:
23 error     npm owner ls group_project
23 error There is likely additional logging output above.
24 verbose exit [ 1, true ]
